[03-Apr-2025 16:46:35 UTC] PHP Warning:  Undefined array key "host" in /workspaces/UX221-Assignment-4/.wordpress/wp-includes/pluggable.php on line 1625
[03-Apr-2025 17:39:52 UTC] PHP Warning:  include(/workspaces/UX221-Assignment-4/.wordpress/wp-content/themes/twentytwentyfive/functions.php): Failed to open stream: No such file or directory in /workspaces/UX221-Assignment-4/.wordpress/wp-settings.php on line 672
[03-Apr-2025 17:39:52 UTC] PHP Warning:  include(): Failed opening '/workspaces/UX221-Assignment-4/.wordpress/wp-content/themes/twentytwentyfive/functions.php' for inclusion (include_path='.:') in /workspaces/UX221-Assignment-4/.wordpress/wp-settings.php on line 672
[03-Apr-2025 17:39:52 UTC] PHP Warning:  file_get_contents(/workspaces/UX221-Assignment-4/.wordpress/wp-content/themes/twentytwentyfive/style.css): Failed to open stream: No such file or directory in /workspaces/UX221-Assignment-4/.wordpress/wp-includes/functions.php on line 6893
[03-Apr-2025 17:39:52 UTC] PHP Warning:  Cannot modify header information - headers already sent by (output started at /workspaces/UX221-Assignment-4/.wordpress/wp-settings.php:672) in /workspaces/UX221-Assignment-4/.wordpress/wp-admin/includes/misc.php on line 1438
[03-Apr-2025 17:39:52 UTC] PHP Warning:  Cannot modify header information - headers already sent by (output started at /workspaces/UX221-Assignment-4/.wordpress/wp-settings.php:672) in /workspaces/UX221-Assignment-4/.wordpress/wp-includes/functions.php on line 7137
[03-Apr-2025 17:39:52 UTC] PHP Warning:  Cannot modify header information - headers already sent by (output started at /workspaces/UX221-Assignment-4/.wordpress/wp-settings.php:672) in /workspaces/UX221-Assignment-4/.wordpress/wp-admin/admin-header.php on line 9
[03-Apr-2025 17:39:52 UTC] PHP Warning:  include(/workspaces/UX221-Assignment-4/.wordpress/wp-content/themes/twentytwentyfive/functions.php): Failed to open stream: No such file or directory in /workspaces/UX221-Assignment-4/.wordpress/wp-settings.php on line 672
[03-Apr-2025 17:39:52 UTC] PHP Warning:  include(): Failed opening '/workspaces/UX221-Assignment-4/.wordpress/wp-content/themes/twentytwentyfive/functions.php' for inclusion (include_path='.:') in /workspaces/UX221-Assignment-4/.wordpress/wp-settings.php on line 672
[03-Apr-2025 17:39:52 UTC] PHP Warning:  file_get_contents(/workspaces/UX221-Assignment-4/.wordpress/wp-content/themes/twentytwentyfive/style.css): Failed to open stream: No such file or directory in /workspaces/UX221-Assignment-4/.wordpress/wp-includes/functions.php on line 6893
[03-Apr-2025 17:39:54 UTC] PHP Warning:  include(/workspaces/UX221-Assignment-4/.wordpress/wp-content/themes/twentytwentyfive/functions.php): Failed to open stream: No such file or directory in /workspaces/UX221-Assignment-4/.wordpress/wp-settings.php on line 672
[03-Apr-2025 17:39:54 UTC] PHP Warning:  include(): Failed opening '/workspaces/UX221-Assignment-4/.wordpress/wp-content/themes/twentytwentyfive/functions.php' for inclusion (include_path='.:') in /workspaces/UX221-Assignment-4/.wordpress/wp-settings.php on line 672
[03-Apr-2025 17:39:54 UTC] PHP Warning:  file_get_contents(/workspaces/UX221-Assignment-4/.wordpress/wp-content/themes/twentytwentyfive/style.css): Failed to open stream: No such file or directory in /workspaces/UX221-Assignment-4/.wordpress/wp-includes/functions.php on line 6893
[03-Apr-2025 17:40:10 UTC] PHP Warning:  include(/workspaces/UX221-Assignment-4/.wordpress/wp-content/themes/twentytwentyfive/functions.php): Failed to open stream: No such file or directory in /workspaces/UX221-Assignment-4/.wordpress/wp-settings.php on line 672
[03-Apr-2025 17:40:10 UTC] PHP Warning:  include(): Failed opening '/workspaces/UX221-Assignment-4/.wordpress/wp-content/themes/twentytwentyfive/functions.php' for inclusion (include_path='.:') in /workspaces/UX221-Assignment-4/.wordpress/wp-settings.php on line 672
[03-Apr-2025 17:40:10 UTC] PHP Warning:  file_get_contents(/workspaces/UX221-Assignment-4/.wordpress/wp-content/themes/twentytwentyfive/style.css): Failed to open stream: No such file or directory in /workspaces/UX221-Assignment-4/.wordpress/wp-includes/functions.php on line 6893
[03-Apr-2025 17:40:18 UTC] PHP Warning:  include(/workspaces/UX221-Assignment-4/.wordpress/wp-content/themes/twentytwentyfive/functions.php): Failed to open stream: No such file or directory in /workspaces/UX221-Assignment-4/.wordpress/wp-settings.php on line 672
[03-Apr-2025 17:40:18 UTC] PHP Warning:  include(): Failed opening '/workspaces/UX221-Assignment-4/.wordpress/wp-content/themes/twentytwentyfive/functions.php' for inclusion (include_path='.:') in /workspaces/UX221-Assignment-4/.wordpress/wp-settings.php on line 672
[03-Apr-2025 17:40:18 UTC] PHP Warning:  file_get_contents(/workspaces/UX221-Assignment-4/.wordpress/wp-content/themes/twentytwentyfive/style.css): Failed to open stream: No such file or directory in /workspaces/UX221-Assignment-4/.wordpress/wp-includes/functions.php on line 6893
[03-Apr-2025 17:40:18 UTC] PHP Warning:  Cannot modify header information - headers already sent by (output started at /workspaces/UX221-Assignment-4/.wordpress/wp-settings.php:672) in /workspaces/UX221-Assignment-4/.wordpress/wp-admin/includes/misc.php on line 1438
[03-Apr-2025 17:40:18 UTC] PHP Warning:  Cannot modify header information - headers already sent by (output started at /workspaces/UX221-Assignment-4/.wordpress/wp-settings.php:672) in /workspaces/UX221-Assignment-4/.wordpress/wp-includes/functions.php on line 7137
[03-Apr-2025 17:40:18 UTC] PHP Warning:  Cannot modify header information - headers already sent by (output started at /workspaces/UX221-Assignment-4/.wordpress/wp-settings.php:672) in /workspaces/UX221-Assignment-4/.wordpress/wp-includes/pluggable.php on line 1435
[03-Apr-2025 17:40:18 UTC] PHP Warning:  Cannot modify header information - headers already sent by (output started at /workspaces/UX221-Assignment-4/.wordpress/wp-settings.php:672) in /workspaces/UX221-Assignment-4/.wordpress/wp-includes/pluggable.php on line 1438
[03-Apr-2025 17:40:35 UTC] PHP Warning:  file_get_contents(/workspaces/UX221-Assignment-4/.wordpress/wp-content/themes/twentytwentyfive/style.css): Failed to open stream: No such file or directory in /workspaces/UX221-Assignment-4/.wordpress/wp-includes/functions.php on line 6893
[03-Apr-2025 17:40:35 UTC] PHP Warning:  Cannot modify header information - headers already sent by (output started at /workspaces/UX221-Assignment-4/.wordpress/wp-includes/functions.php:6893) in /workspaces/UX221-Assignment-4/.wordpress/wp-admin/includes/misc.php on line 1438
[03-Apr-2025 17:40:35 UTC] PHP Warning:  Cannot modify header information - headers already sent by (output started at /workspaces/UX221-Assignment-4/.wordpress/wp-includes/functions.php:6893) in /workspaces/UX221-Assignment-4/.wordpress/wp-includes/functions.php on line 7137
[03-Apr-2025 17:40:35 UTC] PHP Warning:  Cannot modify header information - headers already sent by (output started at /workspaces/UX221-Assignment-4/.wordpress/wp-includes/functions.php:6893) in /workspaces/UX221-Assignment-4/.wordpress/wp-admin/admin-header.php on line 9
[03-Apr-2025 17:43:45 UTC] PHP Warning:  Undefined variable $parent_theme_name in /workspaces/UX221-Assignment-4/.wordpress/wp-content/mu-plugins/one-click-child-theme/templates/create_child_form.php on line 18
